<?xml version="1.0" encoding="UTF-8"?>
<!-- Generated by org.testng.reporters.JUnitReportReporter -->
<testsuite hostname="Sonali" failures="0" tests="1" name="Login" time="10.687" errors="0" timestamp="2024-11-04T23:49:20 IST" skipped="0">
  <testcase classname="Login" name="loginWithInvalidCred" time="10.687"/>
</testsuite> <!-- Login -->
