<?xml version="1.0" encoding="UTF-8"?>
<!-- Generated by org.testng.reporters.JUnitReportReporter -->
<testsuite hostname="Sonali" failures="0" tests="1" name="Login" time="22.532" errors="0" timestamp="2024-11-05T00:07:20 IST" skipped="0">
  <testcase classname="Login" name="loginWithInvalidCred" time="22.532"/>
</testsuite> <!-- Login -->
